<?xml version="1.0" encoding="UTF-8"?>
<testng-results skipped="0" failed="0" total="1" passed="1">
  <reporter-output>
  </reporter-output>
  <suite name="Default suite" duration-ms="6142" started-at="2020-07-15T13:17:58Z" finished-at="2020-07-15T13:18:05Z">
    <groups>
    </groups>
    <test name="Default test" duration-ms="6142" started-at="2020-07-15T13:17:58Z" finished-at="2020-07-15T13:18:05Z">
      <class name="demo.Demo1_test">
        <test-method status="PASS" signature="getWeatherDetails()[pri:0, instance:demo.Demo1_test@1b604f19]" name="getWeatherDetails" duration-ms="6112" started-at="2020-07-15T16:17:58Z" finished-at="2020-07-15T16:18:05Z">
          <reporter-output>
          </reporter-output>
        </test-method> <!-- getWeatherDetails -->
      </class> <!-- demo.Demo1_test -->
    </test> <!-- Default test -->
  </suite> <!-- Default suite -->
</testng-results>
